<?xml version="1.0" encoding="UTF-8"?>
<testng-results ignored="0" total="1" passed="1" failed="0" skipped="0">
  <reporter-output>
  </reporter-output>
  <suite started-at="2023-12-26T09:54:05 IST" name="Suite" finished-at="2023-12-26T09:54:14 IST" duration-ms="8351">
    <groups>
    </groups>
    <test started-at="2023-12-26T09:54:05 IST" name="Test" finished-at="2023-12-26T09:54:14 IST" duration-ms="8351">
      <class name="com.maven.Class1">
        <test-method signature="setup()[pri:0, instance:com.maven.Class1@71809907]" started-at="2023-12-26T09:54:05 IST" name="setup" finished-at="2023-12-26T09:54:14 IST" duration-ms="8326" status="PASS">
          <reporter-output>
          </reporter-output>
        </test-method> <!-- setup -->
      </class> <!-- com.maven.Class1 -->
    </test> <!-- Test -->
  </suite> <!-- Suite -->
</testng-results>
